# JRE version: OpenJDK Runtime Environment (17.0.7) (build 17.0.7+0-b2043.56-10550314)
# Java VM: OpenJDK 64-Bit Server VM (17.0.7+0-b2043.56-10550314, mixed mode, tiered, compressed oops, compressed class ptrs, g1 gc, windows-amd64)
GC Precious Log:
 CPUs: 16 total, 16 available
 Memory: 32559M
 Large Page Support: Disabled
 NUMA Support: Disabled
 Compressed Oops: Enabled (32-bit)
 Heap Region Size: 1M
 Heap Min Capacity: 8M
 Heap Initial Capacity: 510M
 Heap Max Capacity: 2G
 Pre-touch: Disabled
 Parallel Workers: 13
 Concurrent Workers: 3
 Concurrent Refinement Workers: 13
 Periodic GC: Disabled
Heap:
 garbage-first heap   total 302080K, used 198955K [0x0000000080000000, 0x0000000100000000)
  region size 1024K, 36 young (36864K), 11 survivors (11264K)
 Metaspace       used 111368K, committed 112256K, reserved 1179648K
  class space    used 15207K, committed 15616K, reserved 1048576K
GC Heap History (20 events):
Event: 10.201 GC heap before
{Heap before GC invocations=31 (full 0):
 garbage-first heap   total 302080K, used 234047K [0x0000000080000000, 0x0000000100000000)
  region size 1024K, 137 young (140288K), 10 survivors (10240K)
 Metaspace       used 106418K, committed 107200K, reserved 1179648K
  class space    used 14762K, committed 15104K, reserved 1048576K
}
Event: 10.209 GC heap after
{Heap after GC invocations=32 (full 0):
 garbage-first heap   total 302080K, used 121035K [0x0000000080000000, 0x0000000100000000)
  region size 1024K, 18 young (18432K), 18 survivors (18432K)
 Metaspace       used 106418K, committed 107200K, reserved 1179648K
  class space    used 14762K, committed 15104K, reserved 1048576K
}
Event: 10.212 GC heap before
{Heap before GC invocations=32 (full 0):
 garbage-first heap   total 302080K, used 122059K [0x0000000080000000, 0x0000000100000000)
  region size 1024K, 19 young (19456K), 18 survivors (18432K)
 Metaspace       used 106423K, committed 107200K, reserved 1179648K
  class space    used 14762K, committed 15104K, reserved 1048576K
}
Event: 10.229 GC heap after
{Heap after GC invocations=33 (full 0):
 garbage-first heap   total 302080K, used 122563K [0x0000000080000000, 0x0000000100000000)
  region size 1024K, 3 young (3072K), 3 survivors (3072K)
 Metaspace       used 106423K, committed 107200K, reserved 1179648K
  class space    used 14762K, committed 15104K, reserved 1048576K
}
Event: 10.653 GC heap before
{Heap before GC invocations=33 (full 0):
 garbage-first heap   total 302080K, used 233155K [0x0000000080000000, 0x0000000100000000)
  region size 1024K, 112 young (114688K), 3 survivors (3072K)
 Metaspace       used 107066K, committed 107840K, reserved 1179648K
  class space    used 14823K, committed 15168K, reserved 1048576K
}
Event: 10.656 GC heap after
{Heap after GC invocations=34 (full 0):
 garbage-first heap   total 302080K, used 127569K [0x0000000080000000, 0x0000000100000000)
  region size 1024K, 8 young (8192K), 8 survivors (8192K)
 Metaspace       used 107066K, committed 107840K, reserved 1179648K
  class space    used 14823K, committed 15168K, reserved 1048576K
}
Event: 11.032 GC heap before
{Heap before GC invocations=34 (full 0):
 garbage-first heap   total 302080K, used 237137K [0x0000000080000000, 0x0000000100000000)
  region size 1024K, 116 young (118784K), 8 survivors (8192K)
 Metaspace       used 107509K, committed 108288K, reserved 1179648K
  class space    used 14860K, committed 15232K, reserved 1048576K
}
Event: 11.036 GC heap after
{Heap after GC invocations=35 (full 0):
 garbage-first heap   total 302080K, used 133897K [0x0000000080000000, 0x0000000100000000)
  region size 1024K, 9 young (9216K), 9 survivors (9216K)
 Metaspace       used 107509K, committed 108288K, reserved 1179648K
  class space    used 14860K, committed 15232K, reserved 1048576K
}
Event: 11.401 GC heap before
{Heap before GC invocations=35 (full 0):
 garbage-first heap   total 302080K, used 238345K [0x0000000080000000, 0x0000000100000000)
  region size 1024K, 112 young (114688K), 9 survivors (9216K)
 Metaspace       used 107765K, committed 108480K, reserved 1179648K
  class space    used 14878K, committed 15232K, reserved 1048576K
}
Event: 11.405 GC heap after
{Heap after GC invocations=36 (full 0):
 garbage-first heap   total 302080K, used 138965K [0x0000000080000000, 0x0000000100000000)
  region size 1024K, 8 young (8192K), 8 survivors (8192K)
 Metaspace       used 107765K, committed 108480K, reserved 1179648K
  class space    used 14878K, committed 15232K, reserved 1048576K
}
Event: 41.767 GC heap before
{Heap before GC invocations=36 (full 0):
 garbage-first heap   total 302080K, used 241365K [0x0000000080000000, 0x0000000100000000)
  region size 1024K, 109 young (111616K), 8 survivors (8192K)
 Metaspace       used 109192K, committed 109952K, reserved 1179648K
  class space    used 15073K, committed 15424K, reserved 1048576K
}
Event: 41.770 GC heap after
{Heap after GC invocations=37 (full 0):
 garbage-first heap   total 302080K, used 143247K [0x0000000080000000, 0x0000000100000000)
  region size 1024K, 12 young (12288K), 12 survivors (12288K)
 Metaspace       used 109192K, committed 109952K, reserved 1179648K
  class space    used 15073K, committed 15424K, reserved 1048576K
}
Event: 43.298 GC heap before
{Heap before GC invocations=37 (full 0):
 garbage-first heap   total 302080K, used 243599K [0x0000000080000000, 0x0000000100000000)
  region size 1024K, 111 young (113664K), 12 survivors (12288K)
 Metaspace       used 109946K, committed 110784K, reserved 1179648K
  class space    used 15094K, committed 15488K, reserved 1048576K
}
Event: 43.306 GC heap after
{Heap after GC invocations=38 (full 0):
 garbage-first heap   total 302080K, used 153079K [0x0000000080000000, 0x0000000100000000)
  region size 1024K, 14 young (14336K), 14 survivors (14336K)
 Metaspace       used 109946K, committed 110784K, reserved 1179648K
  class space    used 15094K, committed 15488K, reserved 1048576K
}
Event: 130.830 GC heap before
{Heap before GC invocations=38 (full 0):
 garbage-first heap   total 302080K, used 244215K [0x0000000080000000, 0x0000000100000000)
  region size 1024K, 104 young (106496K), 14 survivors (14336K)
 Metaspace       used 110430K, committed 111296K, reserved 1179648K
  class space    used 15119K, committed 15552K, reserved 1048576K
}
Event: 130.846 GC heap after
{Heap after GC invocations=39 (full 0):
 garbage-first heap   total 302080K, used 164096K [0x0000000080000000, 0x0000000100000000)
  region size 1024K, 11 young (11264K), 11 survivors (11264K)
 Metaspace       used 110430K, committed 111296K, reserved 1179648K
  class space    used 15119K, committed 15552K, reserved 1048576K
}
Event: 2215.797 GC heap before
{Heap before GC invocations=39 (full 0):
 garbage-first heap   total 302080K, used 244992K [0x0000000080000000, 0x0000000100000000)
  region size 1024K, 90 young (92160K), 11 survivors (11264K)
 Metaspace       used 110793K, committed 111680K, reserved 1179648K
  class space    used 15137K, committed 15552K, reserved 1048576K
}
Event: 2215.805 GC heap after
{Heap after GC invocations=40 (full 0):
 garbage-first heap   total 302080K, used 164868K [0x0000000080000000, 0x0000000100000000)
  region size 1024K, 3 young (3072K), 3 survivors (3072K)
 Metaspace       used 110793K, committed 111680K, reserved 1179648K
  class space    used 15137K, committed 15552K, reserved 1048576K
}
Event: 2579.609 GC heap before
{Heap before GC invocations=40 (full 0):
 garbage-first heap   total 302080K, used 247812K [0x0000000080000000, 0x0000000100000000)
  region size 1024K, 85 young (87040K), 3 survivors (3072K)
 Metaspace       used 111082K, committed 112000K, reserved 1179648K
  class space    used 15152K, committed 15552K, reserved 1048576K
}
Event: 2579.614 GC heap after
{Heap after GC invocations=41 (full 0):
 garbage-first heap   total 302080K, used 175403K [0x0000000080000000, 0x0000000100000000)
  region size 1024K, 11 young (11264K), 11 survivors (11264K)
 Metaspace       used 111082K, committed 112000K, reserved 1179648K
  class space    used 15152K, committed 15552K, reserved 1048576K
}

