# JRE version: OpenJDK Runtime Environment (17.0.7) (build 17.0.7+0-b2043.56-10550314)
# Java VM: OpenJDK 64-Bit Server VM (17.0.7+0-b2043.56-10550314, mixed mode, tiered, compressed oops, compressed class ptrs, g1 gc, windows-amd64)
GC Precious Log:
 CPUs: 16 total, 16 available
 Memory: 32559M
 Large Page Support: Disabled
 NUMA Support: Disabled
 Compressed Oops: Enabled (32-bit)
 Heap Region Size: 1M
 Heap Min Capacity: 8M
 Heap Initial Capacity: 510M
 Heap Max Capacity: 2G
 Pre-touch: Disabled
 Parallel Workers: 13
 Concurrent Workers: 3
 Concurrent Refinement Workers: 13
 Periodic GC: Disabled
Heap:
 garbage-first heap   total 491520K, used 301917K [0x0000000080000000, 0x0000000100000000)
  region size 1024K, 5 young (5120K), 5 survivors (5120K)
 Metaspace       used 216635K, committed 218432K, reserved 1245184K
  class space    used 28766K, committed 29632K, reserved 1048576K
GC Heap History (20 events):
Event: 8933.553 GC heap after
{Heap after GC invocations=63 (full 1):
 garbage-first heap   total 478208K, used 227581K [0x0000000080000000, 0x0000000100000000)
  region size 1024K, 3 young (3072K), 3 survivors (3072K)
 Metaspace       used 204436K, committed 206144K, reserved 1245184K
  class space    used 27612K, committed 28352K, reserved 1048576K
}
Event: 8935.432 GC heap before
{Heap before GC invocations=63 (full 1):
 garbage-first heap   total 478208K, used 378109K [0x0000000080000000, 0x0000000100000000)
  region size 1024K, 151 young (154624K), 3 survivors (3072K)
 Metaspace       used 209003K, committed 210752K, reserved 1245184K
  class space    used 27969K, committed 28800K, reserved 1048576K
}
Event: 8935.436 GC heap after
{Heap after GC invocations=64 (full 1):
 garbage-first heap   total 478208K, used 233543K [0x0000000080000000, 0x0000000100000000)
  region size 1024K, 9 young (9216K), 9 survivors (9216K)
 Metaspace       used 209003K, committed 210752K, reserved 1245184K
  class space    used 27969K, committed 28800K, reserved 1048576K
}
Event: 8936.705 GC heap before
{Heap before GC invocations=65 (full 1):
 garbage-first heap   total 478208K, used 384071K [0x0000000080000000, 0x0000000100000000)
  region size 1024K, 157 young (160768K), 9 survivors (9216K)
 Metaspace       used 211692K, committed 213440K, reserved 1245184K
  class space    used 28229K, committed 29056K, reserved 1048576K
}
Event: 8936.714 GC heap after
{Heap after GC invocations=66 (full 1):
 garbage-first heap   total 478208K, used 252764K [0x0000000080000000, 0x0000000100000000)
  region size 1024K, 20 young (20480K), 20 survivors (20480K)
 Metaspace       used 211692K, committed 213440K, reserved 1245184K
  class space    used 28229K, committed 29056K, reserved 1048576K
}
Event: 8936.717 GC heap before
{Heap before GC invocations=66 (full 1):
 garbage-first heap   total 478208K, used 255836K [0x0000000080000000, 0x0000000100000000)
  region size 1024K, 23 young (23552K), 20 survivors (20480K)
 Metaspace       used 211692K, committed 213440K, reserved 1245184K
  class space    used 28229K, committed 29056K, reserved 1048576K
}
Event: 8936.722 GC heap after
{Heap after GC invocations=67 (full 1):
 garbage-first heap   total 478208K, used 251736K [0x0000000080000000, 0x0000000100000000)
  region size 1024K, 3 young (3072K), 3 survivors (3072K)
 Metaspace       used 211692K, committed 213440K, reserved 1245184K
  class space    used 28229K, committed 29056K, reserved 1048576K
}
Event: 8936.779 GC heap before
{Heap before GC invocations=67 (full 1):
 garbage-first heap   total 478208K, used 279384K [0x0000000080000000, 0x0000000100000000)
  region size 1024K, 31 young (31744K), 3 survivors (3072K)
 Metaspace       used 211758K, committed 213568K, reserved 1245184K
  class space    used 28229K, committed 29056K, reserved 1048576K
}
Event: 8936.781 GC heap after
{Heap after GC invocations=68 (full 1):
 garbage-first heap   total 478208K, used 254937K [0x0000000080000000, 0x0000000100000000)
  region size 1024K, 6 young (6144K), 6 survivors (6144K)
 Metaspace       used 211758K, committed 213568K, reserved 1245184K
  class space    used 28229K, committed 29056K, reserved 1048576K
}
Event: 8990.026 GC heap before
{Heap before GC invocations=69 (full 1):
 garbage-first heap   total 491520K, used 389081K [0x0000000080000000, 0x0000000100000000)
  region size 1024K, 135 young (138240K), 6 survivors (6144K)
 Metaspace       used 212495K, committed 214272K, reserved 1245184K
  class space    used 28283K, committed 29120K, reserved 1048576K
}
Event: 8990.032 GC heap after
{Heap after GC invocations=70 (full 1):
 garbage-first heap   total 491520K, used 268570K [0x0000000080000000, 0x0000000100000000)
  region size 1024K, 17 young (17408K), 17 survivors (17408K)
 Metaspace       used 212495K, committed 214272K, reserved 1245184K
  class space    used 28283K, committed 29120K, reserved 1048576K
}
Event: 8990.036 GC heap before
{Heap before GC invocations=70 (full 1):
 garbage-first heap   total 491520K, used 275738K [0x0000000080000000, 0x0000000100000000)
  region size 1024K, 24 young (24576K), 17 survivors (17408K)
 Metaspace       used 212495K, committed 214272K, reserved 1245184K
  class space    used 28283K, committed 29120K, reserved 1048576K
}
Event: 8990.040 GC heap after
{Heap after GC invocations=71 (full 1):
 garbage-first heap   total 491520K, used 262417K [0x0000000080000000, 0x0000000100000000)
  region size 1024K, 2 young (2048K), 2 survivors (2048K)
 Metaspace       used 212495K, committed 214272K, reserved 1245184K
  class space    used 28283K, committed 29120K, reserved 1048576K
}
Event: 8990.461 GC heap before
{Heap before GC invocations=71 (full 1):
 garbage-first heap   total 491520K, used 365841K [0x0000000080000000, 0x0000000100000000)
  region size 1024K, 105 young (107520K), 2 survivors (2048K)
 Metaspace       used 213735K, committed 215488K, reserved 1245184K
  class space    used 28399K, committed 29248K, reserved 1048576K
}
Event: 8990.466 GC heap after
{Heap after GC invocations=72 (full 1):
 garbage-first heap   total 491520K, used 266221K [0x0000000080000000, 0x0000000100000000)
  region size 1024K, 13 young (13312K), 13 survivors (13312K)
 Metaspace       used 213735K, committed 215488K, reserved 1245184K
  class space    used 28399K, committed 29248K, reserved 1048576K
}
Event: 8992.872 GC heap before
{Heap before GC invocations=73 (full 1):
 garbage-first heap   total 491520K, used 414340K [0x0000000080000000, 0x0000000100000000)
  region size 1024K, 142 young (145408K), 13 survivors (13312K)
 Metaspace       used 216635K, committed 218432K, reserved 1245184K
  class space    used 28766K, committed 29632K, reserved 1048576K
}
Event: 8992.883 GC heap after
{Heap after GC invocations=74 (full 1):
 garbage-first heap   total 491520K, used 307238K [0x0000000080000000, 0x0000000100000000)
  region size 1024K, 18 young (18432K), 18 survivors (18432K)
 Metaspace       used 216635K, committed 218432K, reserved 1245184K
  class space    used 28766K, committed 29632K, reserved 1048576K
}
Event: 8992.897 GC heap before
{Heap before GC invocations=74 (full 1):
 garbage-first heap   total 491520K, used 313382K [0x0000000080000000, 0x0000000100000000)
  region size 1024K, 24 young (24576K), 18 survivors (18432K)
 Metaspace       used 216635K, committed 218432K, reserved 1245184K
  class space    used 28766K, committed 29632K, reserved 1048576K
}
Event: 8992.902 GC heap after
{Heap after GC invocations=75 (full 1):
 garbage-first heap   total 491520K, used 300324K [0x0000000080000000, 0x0000000100000000)
  region size 1024K, 3 young (3072K), 3 survivors (3072K)
 Metaspace       used 216635K, committed 218432K, reserved 1245184K
  class space    used 28766K, committed 29632K, reserved 1048576K
}
Event: 8993.156 GC heap before
{Heap before GC invocations=75 (full 1):
 garbage-first heap   total 491520K, used 395556K [0x0000000080000000, 0x0000000100000000)
  region size 1024K, 96 young (98304K), 3 survivors (3072K)
 Metaspace       used 216635K, committed 218432K, reserved 1245184K
  class space    used 28766K, committed 29632K, reserved 1048576K
}

